2019-02-12 03:47:07.447410: I tensorflow/core/common_runtime/process_util.cc:69] Creating new thread pool with default inter op setting: 2. Tune using inter_op_parallelism_threads for best performance.
Training...
0 Test accuracy: 0.1205
1000 Test accuracy: 0.5695
2000 Test accuracy: 0.6518
3000 Test accuracy: 0.7069
4000 Test accuracy: 0.7327
5000 Test accuracy: 0.762
6000 Test accuracy: 0.7666
7000 Test accuracy: 0.7851
8000 Test accuracy: 0.7936
9000 Test accuracy: 0.8019
10000 Test accuracy: 0.7991
11000 Test accuracy: 0.8071
12000 Test accuracy: 0.8097
13000 Test accuracy: 0.8146
14000 Test accuracy: 0.8299
15000 Test accuracy: 0.8414
16000 Test accuracy: 0.8423
17000 Test accuracy: 0.8407
18000 Test accuracy: 0.8564
19000 Test accuracy: 0.8622
20000 Test accuracy: 0.8629
21000 Test accuracy: 0.873
22000 Test accuracy: 0.8703
23000 Test accuracy: 0.8757
24000 Test accuracy: 0.8806

Evaluating...
Train accuracy: 0.9222
Valid accuracy: 0.8859
Test accuracy: 0.8812
