2019-02-10 00:57:54.144895: I tensorflow/core/common_runtime/process_util.cc:69] Creating new thread pool with default inter op setting: 2. Tune using inter_op_parallelism_threads for best performance.
Training...
0 Test accuracy: 0.6144
1000 Test accuracy: 0.9464
2000 Test accuracy: 0.9624
3000 Test accuracy: 0.9712
4000 Test accuracy: 0.9704
5000 Test accuracy: 0.9692
6000 Test accuracy: 0.9704
7000 Test accuracy: 0.9732
8000 Test accuracy: 0.9816
9000 Test accuracy: 0.9792
10000 Test accuracy: 0.9872
11000 Test accuracy: 0.9864
12000 Test accuracy: 0.9828
13000 Test accuracy: 0.9844
14000 Test accuracy: 0.9856
15000 Test accuracy: 0.9896
16000 Test accuracy: 0.9896
17000 Test accuracy: 0.9924
18000 Test accuracy: 0.9904
19000 Test accuracy: 0.9916
20000 Test accuracy: 0.9924
21000 Test accuracy: 0.9924
22000 Test accuracy: 0.9928
23000 Test accuracy: 0.99
24000 Test accuracy: 0.9932

Evaluating...
Train accuracy: 0.9944
Valid accuracy: 0.994
Test accuracy: 0.9876
