2019-02-11 08:44:18.671911: I tensorflow/core/common_runtime/process_util.cc:69] Creating new thread pool with default inter op setting: 2. Tune using inter_op_parallelism_threads for best performance.
Training...
0 Test accuracy: 0.2979
1000 Test accuracy: 0.8572
2000 Test accuracy: 0.9094
3000 Test accuracy: 0.9284
4000 Test accuracy: 0.9398
5000 Test accuracy: 0.947
6000 Test accuracy: 0.9567
7000 Test accuracy: 0.9503
8000 Test accuracy: 0.9566
9000 Test accuracy: 0.9571
10000 Test accuracy: 0.9571
11000 Test accuracy: 0.9598
12000 Test accuracy: 0.9605
13000 Test accuracy: 0.9641
14000 Test accuracy: 0.9636
15000 Test accuracy: 0.9629
16000 Test accuracy: 0.9653
17000 Test accuracy: 0.9636
18000 Test accuracy: 0.9658
19000 Test accuracy: 0.9659
20000 Test accuracy: 0.9627
21000 Test accuracy: 0.9644
22000 Test accuracy: 0.9611
23000 Test accuracy: 0.9638
24000 Test accuracy: 0.9661

Evaluating...
Train accuracy: 0.979
Valid accuracy: 0.9646
Test accuracy: 0.9644
