2019-02-10 03:22:58.944877: I tensorflow/core/common_runtime/process_util.cc:69] Creating new thread pool with default inter op setting: 2. Tune using inter_op_parallelism_threads for best performance.
Training...
0 Test accuracy: 0.2578
1000 Test accuracy: 0.6166
2000 Test accuracy: 0.6642
3000 Test accuracy: 0.7368
4000 Test accuracy: 0.7942
5000 Test accuracy: 0.8332
6000 Test accuracy: 0.8313
7000 Test accuracy: 0.8457
8000 Test accuracy: 0.851
9000 Test accuracy: 0.8454
10000 Test accuracy: 0.8607
11000 Test accuracy: 0.8617
12000 Test accuracy: 0.8686
13000 Test accuracy: 0.876
14000 Test accuracy: 0.8839
15000 Test accuracy: 0.8752
16000 Test accuracy: 0.8814
17000 Test accuracy: 0.8825
18000 Test accuracy: 0.8788
19000 Test accuracy: 0.8846
20000 Test accuracy: 0.8884
21000 Test accuracy: 0.8937
22000 Test accuracy: 0.8909
23000 Test accuracy: 0.8893
24000 Test accuracy: 0.8878

Evaluating...
Train accuracy: 0.9059
Valid accuracy: 0.8989
Test accuracy: 0.8837
