2019-02-10 10:15:00.666032: I tensorflow/core/common_runtime/process_util.cc:69] Creating new thread pool with default inter op setting: 2. Tune using inter_op_parallelism_threads for best performance.
Training...
0 Test accuracy: 0.2697
1000 Test accuracy: 0.8093
2000 Test accuracy: 0.8478
3000 Test accuracy: 0.8755
4000 Test accuracy: 0.9014
5000 Test accuracy: 0.9136
6000 Test accuracy: 0.924
7000 Test accuracy: 0.9295
8000 Test accuracy: 0.9368
9000 Test accuracy: 0.9383
10000 Test accuracy: 0.9418
11000 Test accuracy: 0.9451
12000 Test accuracy: 0.9487
13000 Test accuracy: 0.9485
14000 Test accuracy: 0.9589
15000 Test accuracy: 0.9563
16000 Test accuracy: 0.9597
17000 Test accuracy: 0.9551
18000 Test accuracy: 0.957
19000 Test accuracy: 0.9542
20000 Test accuracy: 0.9589
21000 Test accuracy: 0.9581
22000 Test accuracy: 0.9607
23000 Test accuracy: 0.9626
24000 Test accuracy: 0.9596

Evaluating...
Train accuracy: 0.9701
Valid accuracy: 0.9635
Test accuracy: 0.9628
