2019-02-10 15:16:44.245585: I tensorflow/core/common_runtime/process_util.cc:69] Creating new thread pool with default inter op setting: 2. Tune using inter_op_parallelism_threads for best performance.
Training...
0 Test accuracy: 0.3732
1000 Test accuracy: 0.7116
2000 Test accuracy: 0.7764
3000 Test accuracy: 0.7972
4000 Test accuracy: 0.8072
5000 Test accuracy: 0.8492
6000 Test accuracy: 0.8704
7000 Test accuracy: 0.87
8000 Test accuracy: 0.8768
9000 Test accuracy: 0.8932
10000 Test accuracy: 0.8952
11000 Test accuracy: 0.9208
12000 Test accuracy: 0.914
13000 Test accuracy: 0.91
14000 Test accuracy: 0.922
15000 Test accuracy: 0.934
16000 Test accuracy: 0.94
17000 Test accuracy: 0.9384
18000 Test accuracy: 0.9424
19000 Test accuracy: 0.9396
20000 Test accuracy: 0.942
21000 Test accuracy: 0.948
22000 Test accuracy: 0.9504
23000 Test accuracy: 0.9512
24000 Test accuracy: 0.9628

Evaluating...
Train accuracy: 0.97
Valid accuracy: 0.9624
Test accuracy: 0.9684
