2019-02-11 20:06:42.738136: I tensorflow/core/common_runtime/process_util.cc:69] Creating new thread pool with default inter op setting: 2. Tune using inter_op_parallelism_threads for best performance.
Training...
0 Test accuracy: 0.6604
1000 Test accuracy: 0.9508
2000 Test accuracy: 0.9616
3000 Test accuracy: 0.9704
4000 Test accuracy: 0.9776
5000 Test accuracy: 0.976
6000 Test accuracy: 0.9812
7000 Test accuracy: 0.9808
8000 Test accuracy: 0.982
9000 Test accuracy: 0.9868
10000 Test accuracy: 0.986
11000 Test accuracy: 0.9848
12000 Test accuracy: 0.9852
13000 Test accuracy: 0.986
14000 Test accuracy: 0.9888
15000 Test accuracy: 0.9804
16000 Test accuracy: 0.9828
17000 Test accuracy: 0.9888
18000 Test accuracy: 0.9904
19000 Test accuracy: 0.9888
20000 Test accuracy: 0.9932
21000 Test accuracy: 0.992
22000 Test accuracy: 0.9912
23000 Test accuracy: 0.9892
24000 Test accuracy: 0.99

Evaluating...
Train accuracy: 0.9916
Valid accuracy: 0.9896
Test accuracy: 0.9916
