2019-02-12 00:36:06.998646: I tensorflow/core/common_runtime/process_util.cc:69] Creating new thread pool with default inter op setting: 2. Tune using inter_op_parallelism_threads for best performance.
Training...
0 Test accuracy: 0.2879
1000 Test accuracy: 0.8792
2000 Test accuracy: 0.9167
3000 Test accuracy: 0.9336
4000 Test accuracy: 0.9476
5000 Test accuracy: 0.9474
6000 Test accuracy: 0.9527
7000 Test accuracy: 0.9584
8000 Test accuracy: 0.9566
9000 Test accuracy: 0.9577
10000 Test accuracy: 0.9556
11000 Test accuracy: 0.9577
12000 Test accuracy: 0.959
13000 Test accuracy: 0.9601
14000 Test accuracy: 0.9628
15000 Test accuracy: 0.961
16000 Test accuracy: 0.9625
17000 Test accuracy: 0.9604
18000 Test accuracy: 0.9646
19000 Test accuracy: 0.9624
20000 Test accuracy: 0.9621
21000 Test accuracy: 0.9632
22000 Test accuracy: 0.9637
23000 Test accuracy: 0.9641
24000 Test accuracy: 0.9667

Evaluating...
Train accuracy: 0.9776
Valid accuracy: 0.962
Test accuracy: 0.9633
