2019-02-10 07:06:49.360726: I tensorflow/core/common_runtime/process_util.cc:69] Creating new thread pool with default inter op setting: 2. Tune using inter_op_parallelism_threads for best performance.
Training...
0 Test accuracy: 0.6184
1000 Test accuracy: 0.9512
2000 Test accuracy: 0.9676
3000 Test accuracy: 0.9708
4000 Test accuracy: 0.9732
5000 Test accuracy: 0.9672
6000 Test accuracy: 0.982
7000 Test accuracy: 0.9828
8000 Test accuracy: 0.9844
9000 Test accuracy: 0.9872
10000 Test accuracy: 0.9844
11000 Test accuracy: 0.986
12000 Test accuracy: 0.9848
13000 Test accuracy: 0.9928
14000 Test accuracy: 0.9916
15000 Test accuracy: 0.9924
16000 Test accuracy: 0.99
17000 Test accuracy: 0.9936
18000 Test accuracy: 0.9912
19000 Test accuracy: 0.9924
20000 Test accuracy: 0.9932
21000 Test accuracy: 0.992
22000 Test accuracy: 0.9932
23000 Test accuracy: 0.9928
24000 Test accuracy: 0.9912

Evaluating...
Train accuracy: 0.9952
Valid accuracy: 0.994
Test accuracy: 0.9936
