2019-02-11 11:03:48.797832: I tensorflow/core/common_runtime/process_util.cc:69] Creating new thread pool with default inter op setting: 2. Tune using inter_op_parallelism_threads for best performance.
Training...
0 Test accuracy: 0.12
1000 Test accuracy: 0.568
2000 Test accuracy: 0.6442
3000 Test accuracy: 0.6891
4000 Test accuracy: 0.7135
5000 Test accuracy: 0.7313
6000 Test accuracy: 0.7615
7000 Test accuracy: 0.7682
8000 Test accuracy: 0.774
9000 Test accuracy: 0.7904
10000 Test accuracy: 0.8003
11000 Test accuracy: 0.8157
12000 Test accuracy: 0.8234
13000 Test accuracy: 0.8145
14000 Test accuracy: 0.8343
15000 Test accuracy: 0.8325
16000 Test accuracy: 0.8444
17000 Test accuracy: 0.8502
18000 Test accuracy: 0.8608
19000 Test accuracy: 0.8588
20000 Test accuracy: 0.8543
21000 Test accuracy: 0.8639
22000 Test accuracy: 0.874
23000 Test accuracy: 0.8837
24000 Test accuracy: 0.886

Evaluating...
Train accuracy: 0.9154
Valid accuracy: 0.8838
Test accuracy: 0.8833
