2019-02-25 03:05:26.506588: I tensorflow/core/common_runtime/process_util.cc:69] Creating new thread pool with default inter op setting: 2. Tune using inter_op_parallelism_threads for best performance.
Training...
0 Test acc: 0.254
1000 Test acc: 0.376
2000 Test acc: 0.405
3000 Test acc: 0.433
4000 Test acc: 0.462
5000 Test acc: 0.444
6000 Test acc: 0.418
7000 Test acc: 0.464
8000 Test acc: 0.462
9000 Test acc: 0.447
10000 Test acc: 0.482
11000 Test acc: 0.442
12000 Test acc: 0.463
13000 Test acc: 0.495
14000 Test acc: 0.459
15000 Test acc: 0.47
16000 Test acc: 0.536
17000 Test acc: 0.499
18000 Test acc: 0.498
19000 Test acc: 0.492
Evaluating...
Train accuracy: 0.56
Validation accuracy: 0.495
Test accuracy: 0.506
