2019-02-25 03:26:41.769586: I tensorflow/core/common_runtime/process_util.cc:69] Creating new thread pool with default inter op setting: 2. Tune using inter_op_parallelism_threads for best performance.
Training...
0 Test acc: 0.257
1000 Test acc: 0.278
2000 Test acc: 0.31
3000 Test acc: 0.313
4000 Test acc: 0.328
5000 Test acc: 0.298
6000 Test acc: 0.334
7000 Test acc: 0.309
8000 Test acc: 0.356
9000 Test acc: 0.349
10000 Test acc: 0.359
11000 Test acc: 0.371
12000 Test acc: 0.337
13000 Test acc: 0.396
14000 Test acc: 0.38
15000 Test acc: 0.383
16000 Test acc: 0.386
17000 Test acc: 0.431
18000 Test acc: 0.413
19000 Test acc: 0.436
Evaluating...
Train accuracy: 0.556
Validation accuracy: 0.411
Test accuracy: 0.462
