2019-02-25 10:08:35.993685: I tensorflow/core/common_runtime/process_util.cc:69] Creating new thread pool with default inter op setting: 2. Tune using inter_op_parallelism_threads for best performance.
Training...
0 Test acc: 0.253
1000 Test acc: 0.342
2000 Test acc: 0.341
3000 Test acc: 0.306
4000 Test acc: 0.323
5000 Test acc: 0.334
6000 Test acc: 0.346
7000 Test acc: 0.38
8000 Test acc: 0.43
9000 Test acc: 0.399
10000 Test acc: 0.408
11000 Test acc: 0.382
12000 Test acc: 0.391
13000 Test acc: 0.425
14000 Test acc: 0.457
15000 Test acc: 0.447
16000 Test acc: 0.413
17000 Test acc: 0.445
18000 Test acc: 0.444
19000 Test acc: 0.444
Evaluating...
Train accuracy: 0.564
Validation accuracy: 0.423
Test accuracy: 0.461
