2019-02-24 17:39:46.873129: I tensorflow/core/common_runtime/process_util.cc:69] Creating new thread pool with default inter op setting: 2. Tune using inter_op_parallelism_threads for best performance.
Training...
0 Test acc: 0.256
1000 Test acc: 0.332
2000 Test acc: 0.366
3000 Test acc: 0.38
4000 Test acc: 0.388
5000 Test acc: 0.404
6000 Test acc: 0.41
7000 Test acc: 0.389
8000 Test acc: 0.398
9000 Test acc: 0.405
10000 Test acc: 0.408
11000 Test acc: 0.395
12000 Test acc: 0.431
13000 Test acc: 0.424
14000 Test acc: 0.427
15000 Test acc: 0.43
16000 Test acc: 0.427
17000 Test acc: 0.423
18000 Test acc: 0.443
19000 Test acc: 0.445
Evaluating...
Train accuracy: 0.541
Validation accuracy: 0.426
Test accuracy: 0.477
