2019-02-23 17:57:03.026767: I tensorflow/core/common_runtime/process_util.cc:69] Creating new thread pool with default inter op setting: 2. Tune using inter_op_parallelism_threads for best performance.
Training...
0 Test acc: 0.347
1000 Test acc: 0.519
2000 Test acc: 0.549
3000 Test acc: 0.574
4000 Test acc: 0.564
5000 Test acc: 0.601
6000 Test acc: 0.588
7000 Test acc: 0.585
8000 Test acc: 0.63
9000 Test acc: 0.637
10000 Test acc: 0.605
11000 Test acc: 0.617
12000 Test acc: 0.603
13000 Test acc: 0.621
14000 Test acc: 0.623
15000 Test acc: 0.634
16000 Test acc: 0.63
17000 Test acc: 0.622
18000 Test acc: 0.624
19000 Test acc: 0.653
Evaluating...
Train accuracy: 0.743
Validation accuracy: 0.594
Test accuracy: 0.608
