2019-02-23 17:57:53.586273: I tensorflow/core/common_runtime/process_util.cc:69] Creating new thread pool with default inter op setting: 2. Tune using inter_op_parallelism_threads for best performance.
Training...
0 Test acc: 0.348
1000 Test acc: 0.449
2000 Test acc: 0.491
3000 Test acc: 0.521
4000 Test acc: 0.544
5000 Test acc: 0.518
6000 Test acc: 0.542
7000 Test acc: 0.568
8000 Test acc: 0.568
9000 Test acc: 0.592
10000 Test acc: 0.576
11000 Test acc: 0.585
12000 Test acc: 0.549
13000 Test acc: 0.596
14000 Test acc: 0.595
15000 Test acc: 0.595
16000 Test acc: 0.573
17000 Test acc: 0.584
18000 Test acc: 0.575
19000 Test acc: 0.591
Evaluating...
Train accuracy: 0.719
Validation accuracy: 0.557
Test accuracy: 0.601
