2019-02-25 08:45:21.858168: I tensorflow/core/common_runtime/process_util.cc:69] Creating new thread pool with default inter op setting: 2. Tune using inter_op_parallelism_threads for best performance.
Training...
0 Test acc: 0.1257
1000 Test acc: 0.4133
2000 Test acc: 0.4991
3000 Test acc: 0.5568
4000 Test acc: 0.6022
5000 Test acc: 0.6468
6000 Test acc: 0.6748
7000 Test acc: 0.6904
8000 Test acc: 0.7012
9000 Test acc: 0.7103
10000 Test acc: 0.7409
11000 Test acc: 0.7441
12000 Test acc: 0.7609
13000 Test acc: 0.7565
14000 Test acc: 0.7765
15000 Test acc: 0.782
16000 Test acc: 0.793
17000 Test acc: 0.8002
18000 Test acc: 0.8029
19000 Test acc: 0.8162
Evaluating...
Train accuracy: 0.8374
Test accuracy: 0.8104
