2019-02-25 01:21:26.897702: I tensorflow/core/common_runtime/process_util.cc:69] Creating new thread pool with default inter op setting: 2. Tune using inter_op_parallelism_threads for best performance.
Training...
0 Test acc: 0.1302
1000 Test acc: 0.3873
2000 Test acc: 0.416
3000 Test acc: 0.4252
4000 Test acc: 0.4626
5000 Test acc: 0.5162
6000 Test acc: 0.549
7000 Test acc: 0.5652
8000 Test acc: 0.5782
9000 Test acc: 0.5868
10000 Test acc: 0.6036
11000 Test acc: 0.6137
12000 Test acc: 0.618
13000 Test acc: 0.6273
14000 Test acc: 0.6278
15000 Test acc: 0.6394
16000 Test acc: 0.6502
17000 Test acc: 0.6491
18000 Test acc: 0.6517
19000 Test acc: 0.6533
Evaluating...
Train accuracy: 0.6889
Test accuracy: 0.6523
