2019-02-24 16:39:36.239417: I tensorflow/core/common_runtime/process_util.cc:69] Creating new thread pool with default inter op setting: 2. Tune using inter_op_parallelism_threads for best performance.
Training...
0 Test acc: 0.3924
1000 Test acc: 0.7272
2000 Test acc: 0.7564
3000 Test acc: 0.8068
4000 Test acc: 0.8268
5000 Test acc: 0.84
6000 Test acc: 0.8576
7000 Test acc: 0.8716
8000 Test acc: 0.8888
9000 Test acc: 0.9044
10000 Test acc: 0.9
11000 Test acc: 0.9236
12000 Test acc: 0.9228
13000 Test acc: 0.932
14000 Test acc: 0.9404
15000 Test acc: 0.9352
16000 Test acc: 0.9484
17000 Test acc: 0.952
18000 Test acc: 0.9624
19000 Test acc: 0.9648
Evaluating...
Train accuracy: 0.964
Test accuracy: 0.9616
