2019-02-25 02:18:21.557268: I tensorflow/core/common_runtime/process_util.cc:69] Creating new thread pool with default inter op setting: 2. Tune using inter_op_parallelism_threads for best performance.
Training...
0 Test acc: 0.328
1000 Test acc: 0.7656
2000 Test acc: 0.8036
3000 Test acc: 0.8036
4000 Test acc: 0.8284
5000 Test acc: 0.8472
6000 Test acc: 0.852
7000 Test acc: 0.8624
8000 Test acc: 0.8668
9000 Test acc: 0.8868
10000 Test acc: 0.9012
11000 Test acc: 0.9208
12000 Test acc: 0.9192
13000 Test acc: 0.9152
14000 Test acc: 0.928
15000 Test acc: 0.9344
16000 Test acc: 0.9464
17000 Test acc: 0.942
18000 Test acc: 0.9376
19000 Test acc: 0.9488
Evaluating...
Train accuracy: 0.9584
Test accuracy: 0.9524
