2019-02-25 06:49:11.412653: I tensorflow/core/common_runtime/process_util.cc:69] Creating new thread pool with default inter op setting: 2. Tune using inter_op_parallelism_threads for best performance.
Training...
0 Test acc: 0.3352
1000 Test acc: 0.7696
2000 Test acc: 0.8
3000 Test acc: 0.8024
4000 Test acc: 0.8176
5000 Test acc: 0.8448
6000 Test acc: 0.8544
7000 Test acc: 0.8444
8000 Test acc: 0.8656
9000 Test acc: 0.888
10000 Test acc: 0.8948
11000 Test acc: 0.9072
12000 Test acc: 0.914
13000 Test acc: 0.904
14000 Test acc: 0.9248
15000 Test acc: 0.922
16000 Test acc: 0.9368
17000 Test acc: 0.9356
18000 Test acc: 0.93
19000 Test acc: 0.9416
Evaluating...
Train accuracy: 0.954
Test accuracy: 0.9476
