2019-02-25 01:35:31.026627: I tensorflow/core/common_runtime/process_util.cc:69] Creating new thread pool with default inter op setting: 2. Tune using inter_op_parallelism_threads for best performance.
Training...
0 Test acc: 0.3288
1000 Test acc: 0.7564
2000 Test acc: 0.7788
3000 Test acc: 0.8152
4000 Test acc: 0.8352
5000 Test acc: 0.8484
6000 Test acc: 0.854
7000 Test acc: 0.8756
8000 Test acc: 0.8772
9000 Test acc: 0.8816
10000 Test acc: 0.8984
11000 Test acc: 0.9184
12000 Test acc: 0.9112
13000 Test acc: 0.9252
14000 Test acc: 0.9228
15000 Test acc: 0.9272
16000 Test acc: 0.9352
17000 Test acc: 0.9396
18000 Test acc: 0.9424
19000 Test acc: 0.9464
Evaluating...
Train accuracy: 0.9632
Test accuracy: 0.944
