2019-02-23 19:55:20.662692: I tensorflow/core/common_runtime/process_util.cc:69] Creating new thread pool with default inter op setting: 2. Tune using inter_op_parallelism_threads for best performance.
Training...
0 Test acc: 0.3262
1000 Test acc: 0.8976
2000 Test acc: 0.9296
3000 Test acc: 0.9411
4000 Test acc: 0.9515
5000 Test acc: 0.9548
6000 Test acc: 0.9614
7000 Test acc: 0.9607
8000 Test acc: 0.9635
9000 Test acc: 0.9645
10000 Test acc: 0.9617
11000 Test acc: 0.9598
12000 Test acc: 0.9613
13000 Test acc: 0.9626
14000 Test acc: 0.9639
15000 Test acc: 0.9611
16000 Test acc: 0.9623
17000 Test acc: 0.9656
18000 Test acc: 0.9626
19000 Test acc: 0.9674
Evaluating...
Train accuracy: 0.979
Test accuracy: 0.964
