2019-02-23 20:56:28.842869: I tensorflow/core/common_runtime/process_util.cc:69] Creating new thread pool with default inter op setting: 2. Tune using inter_op_parallelism_threads for best performance.
Training...
0 Test acc: 0.2979
1000 Test acc: 0.8605
2000 Test acc: 0.9088
3000 Test acc: 0.9303
4000 Test acc: 0.9422
5000 Test acc: 0.947
6000 Test acc: 0.9518
7000 Test acc: 0.9584
8000 Test acc: 0.9534
9000 Test acc: 0.9539
10000 Test acc: 0.9603
11000 Test acc: 0.9594
12000 Test acc: 0.9594
13000 Test acc: 0.9616
14000 Test acc: 0.9634
15000 Test acc: 0.9602
16000 Test acc: 0.9634
17000 Test acc: 0.9628
18000 Test acc: 0.9662
19000 Test acc: 0.9686
Evaluating...
Train accuracy: 0.9728
Test accuracy: 0.9636
