2019-02-23 18:05:07.814323: I tensorflow/core/common_runtime/process_util.cc:69] Creating new thread pool with default inter op setting: 2. Tune using inter_op_parallelism_threads for best performance.
Training...
0 Test acc: 0.6676
1000 Test acc: 0.9476
2000 Test acc: 0.964
3000 Test acc: 0.9652
4000 Test acc: 0.9772
5000 Test acc: 0.984
6000 Test acc: 0.982
7000 Test acc: 0.9868
8000 Test acc: 0.9812
9000 Test acc: 0.984
10000 Test acc: 0.9872
11000 Test acc: 0.988
12000 Test acc: 0.9864
13000 Test acc: 0.9896
14000 Test acc: 0.9904
15000 Test acc: 0.99
16000 Test acc: 0.9904
17000 Test acc: 0.9872
18000 Test acc: 0.99
19000 Test acc: 0.9904
Evaluating...
Train accuracy: 0.99
Test accuracy: 0.9868
