2019-02-23 18:02:27.084127: I tensorflow/core/common_runtime/process_util.cc:69] Creating new thread pool with default inter op setting: 2. Tune using inter_op_parallelism_threads for best performance.
Training...
0 Test acc: 0.6432
1000 Test acc: 0.9508
2000 Test acc: 0.9632
3000 Test acc: 0.9736
4000 Test acc: 0.9704
5000 Test acc: 0.9792
6000 Test acc: 0.9788
7000 Test acc: 0.9844
8000 Test acc: 0.9888
9000 Test acc: 0.9856
10000 Test acc: 0.9876
11000 Test acc: 0.9836
12000 Test acc: 0.992
13000 Test acc: 0.9908
14000 Test acc: 0.9928
15000 Test acc: 0.992
16000 Test acc: 0.9904
17000 Test acc: 0.992
18000 Test acc: 0.9896
19000 Test acc: 0.9916
Evaluating...
Train accuracy: 0.9928
Test accuracy: 0.9884
