2019-02-23 18:00:10.765284: I tensorflow/core/common_runtime/process_util.cc:69] Creating new thread pool with default inter op setting: 2. Tune using inter_op_parallelism_threads for best performance.
Training...
0 Test acc: 0.5928
1000 Test acc: 0.9484
2000 Test acc: 0.9588
3000 Test acc: 0.9628
4000 Test acc: 0.9752
5000 Test acc: 0.972
6000 Test acc: 0.9804
7000 Test acc: 0.9788
8000 Test acc: 0.9772
9000 Test acc: 0.976
10000 Test acc: 0.9832
11000 Test acc: 0.9896
12000 Test acc: 0.982
13000 Test acc: 0.9856
14000 Test acc: 0.99
15000 Test acc: 0.9872
16000 Test acc: 0.9872
17000 Test acc: 0.9892
18000 Test acc: 0.992
19000 Test acc: 0.9908
Evaluating...
Train accuracy: 0.9932
Test accuracy: 0.9896
