2019-02-24 08:13:31.497658: I tensorflow/core/common_runtime/process_util.cc:69] Creating new thread pool with default inter op setting: 2. Tune using inter_op_parallelism_threads for best performance.
Training...
0 Test acc: 0.6064
1000 Test acc: 0.9492
2000 Test acc: 0.9572
3000 Test acc: 0.9656
4000 Test acc: 0.9676
5000 Test acc: 0.9728
6000 Test acc: 0.978
7000 Test acc: 0.9824
8000 Test acc: 0.9824
9000 Test acc: 0.9812
10000 Test acc: 0.986
11000 Test acc: 0.9868
12000 Test acc: 0.9892
13000 Test acc: 0.9836
14000 Test acc: 0.9864
15000 Test acc: 0.9884
16000 Test acc: 0.9896
17000 Test acc: 0.9912
18000 Test acc: 0.9896
19000 Test acc: 0.9916
Evaluating...
Train accuracy: 0.9908
Test accuracy: 0.9904
