2019-02-24 03:44:21.775235: I tensorflow/core/common_runtime/process_util.cc:69] Creating new thread pool with default inter op setting: 2. Tune using inter_op_parallelism_threads for best performance.
Training...
0 Test acc: 0.608
1000 Test acc: 0.9468
2000 Test acc: 0.9532
3000 Test acc: 0.9564
4000 Test acc: 0.9636
5000 Test acc: 0.9736
6000 Test acc: 0.9744
7000 Test acc: 0.9804
8000 Test acc: 0.9816
9000 Test acc: 0.9796
10000 Test acc: 0.9836
11000 Test acc: 0.9844
12000 Test acc: 0.9892
13000 Test acc: 0.9836
14000 Test acc: 0.9856
15000 Test acc: 0.9896
16000 Test acc: 0.9892
17000 Test acc: 0.9944
18000 Test acc: 0.9924
19000 Test acc: 0.992
Evaluating...
Train accuracy: 0.9924
Test accuracy: 0.992
